# JRE version: OpenJDK Runtime Environment Zulu21.32+17-CA (21.0.2+13) (build 21.0.2+13-LTS)
# Java VM: OpenJDK 64-Bit Server VM Zulu21.32+17-CA (21.0.2+13-LTS, mixed mode, sharing, tiered, compressed oops, compressed class ptrs, g1 gc, bsd-amd64)
Heap:
 garbage-first heap   total 133120K, used 48006K [0x0000000780000000, 0x0000000800000000)
  region size 1024K, 39 young (39936K), 1 survivors (1024K)
 Metaspace       used 9398K, committed 9664K, reserved 1114112K
  class space    used 1021K, committed 1152K, reserved 1048576K
GC Heap History (20 events):
Event: 1743.218 GC heap before
{Heap before GC invocations=291 (full 0):
 garbage-first heap   total 133120K, used 85898K [0x0000000780000000, 0x0000000800000000)
  region size 1024K, 76 young (77824K), 1 survivors (1024K)
 Metaspace       used 9398K, committed 9664K, reserved 1114112K
  class space    used 1021K, committed 1152K, reserved 1048576K
}
Event: 1743.219 GC heap after
{Heap after GC invocations=292 (full 0):
 garbage-first heap   total 133120K, used 9094K [0x0000000780000000, 0x0000000800000000)
  region size 1024K, 1 young (1024K), 1 survivors (1024K)
 Metaspace       used 9398K, committed 9664K, reserved 1114112K
  class space    used 1021K, committed 1152K, reserved 1048576K
}
Event: 1749.088 GC heap before
{Heap before GC invocations=292 (full 0):
 garbage-first heap   total 133120K, used 85894K [0x0000000780000000, 0x0000000800000000)
  region size 1024K, 76 young (77824K), 1 survivors (1024K)
 Metaspace       used 9398K, committed 9664K, reserved 1114112K
  class space    used 1021K, committed 1152K, reserved 1048576K
}
Event: 1749.089 GC heap after
{Heap after GC invocations=293 (full 0):
 garbage-first heap   total 133120K, used 9094K [0x0000000780000000, 0x0000000800000000)
  region size 1024K, 1 young (1024K), 1 survivors (1024K)
 Metaspace       used 9398K, committed 9664K, reserved 1114112K
  class space    used 1021K, committed 1152K, reserved 1048576K
}
Event: 1754.926 GC heap before
{Heap before GC invocations=293 (full 0):
 garbage-first heap   total 133120K, used 85894K [0x0000000780000000, 0x0000000800000000)
  region size 1024K, 76 young (77824K), 1 survivors (1024K)
 Metaspace       used 9398K, committed 9664K, reserved 1114112K
  class space    used 1021K, committed 1152K, reserved 1048576K
}
Event: 1754.927 GC heap after
{Heap after GC invocations=294 (full 0):
 garbage-first heap   total 133120K, used 9096K [0x0000000780000000, 0x0000000800000000)
  region size 1024K, 1 young (1024K), 1 survivors (1024K)
 Metaspace       used 9398K, committed 9664K, reserved 1114112K
  class space    used 1021K, committed 1152K, reserved 1048576K
}
Event: 1760.818 GC heap before
{Heap before GC invocations=294 (full 0):
 garbage-first heap   total 133120K, used 85896K [0x0000000780000000, 0x0000000800000000)
  region size 1024K, 76 young (77824K), 1 survivors (1024K)
 Metaspace       used 9398K, committed 9664K, reserved 1114112K
  class space    used 1021K, committed 1152K, reserved 1048576K
}
Event: 1760.819 GC heap after
{Heap after GC invocations=295 (full 0):
 garbage-first heap   total 133120K, used 9094K [0x0000000780000000, 0x0000000800000000)
  region size 1024K, 1 young (1024K), 1 survivors (1024K)
 Metaspace       used 9398K, committed 9664K, reserved 1114112K
  class space    used 1021K, committed 1152K, reserved 1048576K
}
Event: 1766.668 GC heap before
{Heap before GC invocations=295 (full 0):
 garbage-first heap   total 133120K, used 85894K [0x0000000780000000, 0x0000000800000000)
  region size 1024K, 76 young (77824K), 1 survivors (1024K)
 Metaspace       used 9398K, committed 9664K, reserved 1114112K
  class space    used 1021K, committed 1152K, reserved 1048576K
}
Event: 1766.669 GC heap after
{Heap after GC invocations=296 (full 0):
 garbage-first heap   total 133120K, used 9094K [0x0000000780000000, 0x0000000800000000)
  region size 1024K, 1 young (1024K), 1 survivors (1024K)
 Metaspace       used 9398K, committed 9664K, reserved 1114112K
  class space    used 1021K, committed 1152K, reserved 1048576K
}
Event: 1772.522 GC heap before
{Heap before GC invocations=296 (full 0):
 garbage-first heap   total 133120K, used 85894K [0x0000000780000000, 0x0000000800000000)
  region size 1024K, 76 young (77824K), 1 survivors (1024K)
 Metaspace       used 9398K, committed 9664K, reserved 1114112K
  class space    used 1021K, committed 1152K, reserved 1048576K
}
Event: 1772.523 GC heap after
{Heap after GC invocations=297 (full 0):
 garbage-first heap   total 133120K, used 9094K [0x0000000780000000, 0x0000000800000000)
  region size 1024K, 1 young (1024K), 1 survivors (1024K)
 Metaspace       used 9398K, committed 9664K, reserved 1114112K
  class space    used 1021K, committed 1152K, reserved 1048576K
}
Event: 1778.365 GC heap before
{Heap before GC invocations=297 (full 0):
 garbage-first heap   total 133120K, used 85894K [0x0000000780000000, 0x0000000800000000)
  region size 1024K, 76 young (77824K), 1 survivors (1024K)
 Metaspace       used 9398K, committed 9664K, reserved 1114112K
  class space    used 1021K, committed 1152K, reserved 1048576K
}
Event: 1778.365 GC heap after
{Heap after GC invocations=298 (full 0):
 garbage-first heap   total 133120K, used 9094K [0x0000000780000000, 0x0000000800000000)
  region size 1024K, 1 young (1024K), 1 survivors (1024K)
 Metaspace       used 9398K, committed 9664K, reserved 1114112K
  class space    used 1021K, committed 1152K, reserved 1048576K
}
Event: 1784.207 GC heap before
{Heap before GC invocations=298 (full 0):
 garbage-first heap   total 133120K, used 85894K [0x0000000780000000, 0x0000000800000000)
  region size 1024K, 76 young (77824K), 1 survivors (1024K)
 Metaspace       used 9398K, committed 9664K, reserved 1114112K
  class space    used 1021K, committed 1152K, reserved 1048576K
}
Event: 1784.208 GC heap after
{Heap after GC invocations=299 (full 0):
 garbage-first heap   total 133120K, used 9094K [0x0000000780000000, 0x0000000800000000)
  region size 1024K, 1 young (1024K), 1 survivors (1024K)
 Metaspace       used 9398K, committed 9664K, reserved 1114112K
  class space    used 1021K, committed 1152K, reserved 1048576K
}
Event: 1790.023 GC heap before
{Heap before GC invocations=299 (full 0):
 garbage-first heap   total 133120K, used 85894K [0x0000000780000000, 0x0000000800000000)
  region size 1024K, 76 young (77824K), 1 survivors (1024K)
 Metaspace       used 9398K, committed 9664K, reserved 1114112K
  class space    used 1021K, committed 1152K, reserved 1048576K
}
Event: 1790.024 GC heap after
{Heap after GC invocations=300 (full 0):
 garbage-first heap   total 133120K, used 9097K [0x0000000780000000, 0x0000000800000000)
  region size 1024K, 1 young (1024K), 1 survivors (1024K)
 Metaspace       used 9398K, committed 9664K, reserved 1114112K
  class space    used 1021K, committed 1152K, reserved 1048576K
}
Event: 1795.969 GC heap before
{Heap before GC invocations=300 (full 0):
 garbage-first heap   total 133120K, used 85897K [0x0000000780000000, 0x0000000800000000)
  region size 1024K, 76 young (77824K), 1 survivors (1024K)
 Metaspace       used 9398K, committed 9664K, reserved 1114112K
  class space    used 1021K, committed 1152K, reserved 1048576K
}
Event: 1795.970 GC heap after
{Heap after GC invocations=301 (full 0):
 garbage-first heap   total 133120K, used 9094K [0x0000000780000000, 0x0000000800000000)
  region size 1024K, 1 young (1024K), 1 survivors (1024K)
 Metaspace       used 9398K, committed 9664K, reserved 1114112K
  class space    used 1021K, committed 1152K, reserved 1048576K
}

