# JRE version: OpenJDK Runtime Environment Zulu21.32+17-CA (21.0.2+13) (build 21.0.2+13-LTS)
# Java VM: OpenJDK 64-Bit Server VM Zulu21.32+17-CA (21.0.2+13-LTS, mixed mode, sharing, tiered, compressed oops, compressed class ptrs, g1 gc, bsd-amd64)
Heap:
 garbage-first heap   total 133120K, used 65756K [0x0000000780000000, 0x0000000800000000)
  region size 1024K, 57 young (58368K), 1 survivors (1024K)
 Metaspace       used 9190K, committed 9536K, reserved 1114112K
  class space    used 1000K, committed 1152K, reserved 1048576K
GC Heap History (20 events):
Event: 2336.979 GC heap before
{Heap before GC invocations=352 (full 0):
 garbage-first heap   total 133120K, used 85721K [0x0000000780000000, 0x0000000800000000)
  region size 1024K, 76 young (77824K), 1 survivors (1024K)
 Metaspace       used 9190K, committed 9536K, reserved 1114112K
  class space    used 1000K, committed 1152K, reserved 1048576K
}
Event: 2336.980 GC heap after
{Heap after GC invocations=353 (full 0):
 garbage-first heap   total 133120K, used 8921K [0x0000000780000000, 0x0000000800000000)
  region size 1024K, 1 young (1024K), 1 survivors (1024K)
 Metaspace       used 9190K, committed 9536K, reserved 1114112K
  class space    used 1000K, committed 1152K, reserved 1048576K
}
Event: 2343.275 GC heap before
{Heap before GC invocations=353 (full 0):
 garbage-first heap   total 133120K, used 85721K [0x0000000780000000, 0x0000000800000000)
  region size 1024K, 76 young (77824K), 1 survivors (1024K)
 Metaspace       used 9190K, committed 9536K, reserved 1114112K
  class space    used 1000K, committed 1152K, reserved 1048576K
}
Event: 2343.276 GC heap after
{Heap after GC invocations=354 (full 0):
 garbage-first heap   total 133120K, used 8917K [0x0000000780000000, 0x0000000800000000)
  region size 1024K, 1 young (1024K), 1 survivors (1024K)
 Metaspace       used 9190K, committed 9536K, reserved 1114112K
  class space    used 1000K, committed 1152K, reserved 1048576K
}
Event: 2349.432 GC heap before
{Heap before GC invocations=354 (full 0):
 garbage-first heap   total 133120K, used 85717K [0x0000000780000000, 0x0000000800000000)
  region size 1024K, 76 young (77824K), 1 survivors (1024K)
 Metaspace       used 9190K, committed 9536K, reserved 1114112K
  class space    used 1000K, committed 1152K, reserved 1048576K
}
Event: 2349.434 GC heap after
{Heap after GC invocations=355 (full 0):
 garbage-first heap   total 133120K, used 8919K [0x0000000780000000, 0x0000000800000000)
  region size 1024K, 1 young (1024K), 1 survivors (1024K)
 Metaspace       used 9190K, committed 9536K, reserved 1114112K
  class space    used 1000K, committed 1152K, reserved 1048576K
}
Event: 2355.466 GC heap before
{Heap before GC invocations=355 (full 0):
 garbage-first heap   total 133120K, used 85719K [0x0000000780000000, 0x0000000800000000)
  region size 1024K, 76 young (77824K), 1 survivors (1024K)
 Metaspace       used 9190K, committed 9536K, reserved 1114112K
  class space    used 1000K, committed 1152K, reserved 1048576K
}
Event: 2355.467 GC heap after
{Heap after GC invocations=356 (full 0):
 garbage-first heap   total 133120K, used 8919K [0x0000000780000000, 0x0000000800000000)
  region size 1024K, 1 young (1024K), 1 survivors (1024K)
 Metaspace       used 9190K, committed 9536K, reserved 1114112K
  class space    used 1000K, committed 1152K, reserved 1048576K
}
Event: 2361.847 GC heap before
{Heap before GC invocations=356 (full 0):
 garbage-first heap   total 133120K, used 85719K [0x0000000780000000, 0x0000000800000000)
  region size 1024K, 76 young (77824K), 1 survivors (1024K)
 Metaspace       used 9190K, committed 9536K, reserved 1114112K
  class space    used 1000K, committed 1152K, reserved 1048576K
}
Event: 2361.848 GC heap after
{Heap after GC invocations=357 (full 0):
 garbage-first heap   total 133120K, used 8922K [0x0000000780000000, 0x0000000800000000)
  region size 1024K, 1 young (1024K), 1 survivors (1024K)
 Metaspace       used 9190K, committed 9536K, reserved 1114112K
  class space    used 1000K, committed 1152K, reserved 1048576K
}
Event: 2368.134 GC heap before
{Heap before GC invocations=357 (full 0):
 garbage-first heap   total 133120K, used 85722K [0x0000000780000000, 0x0000000800000000)
  region size 1024K, 76 young (77824K), 1 survivors (1024K)
 Metaspace       used 9190K, committed 9536K, reserved 1114112K
  class space    used 1000K, committed 1152K, reserved 1048576K
}
Event: 2368.135 GC heap after
{Heap after GC invocations=358 (full 0):
 garbage-first heap   total 133120K, used 8921K [0x0000000780000000, 0x0000000800000000)
  region size 1024K, 1 young (1024K), 1 survivors (1024K)
 Metaspace       used 9190K, committed 9536K, reserved 1114112K
  class space    used 1000K, committed 1152K, reserved 1048576K
}
Event: 2375.509 GC heap before
{Heap before GC invocations=358 (full 0):
 garbage-first heap   total 133120K, used 85721K [0x0000000780000000, 0x0000000800000000)
  region size 1024K, 76 young (77824K), 1 survivors (1024K)
 Metaspace       used 9190K, committed 9536K, reserved 1114112K
  class space    used 1000K, committed 1152K, reserved 1048576K
}
Event: 2375.515 GC heap after
{Heap after GC invocations=359 (full 0):
 garbage-first heap   total 133120K, used 8922K [0x0000000780000000, 0x0000000800000000)
  region size 1024K, 1 young (1024K), 1 survivors (1024K)
 Metaspace       used 9190K, committed 9536K, reserved 1114112K
  class space    used 1000K, committed 1152K, reserved 1048576K
}
Event: 2382.218 GC heap before
{Heap before GC invocations=359 (full 0):
 garbage-first heap   total 133120K, used 85722K [0x0000000780000000, 0x0000000800000000)
  region size 1024K, 76 young (77824K), 1 survivors (1024K)
 Metaspace       used 9190K, committed 9536K, reserved 1114112K
  class space    used 1000K, committed 1152K, reserved 1048576K
}
Event: 2382.221 GC heap after
{Heap after GC invocations=360 (full 0):
 garbage-first heap   total 133120K, used 8917K [0x0000000780000000, 0x0000000800000000)
  region size 1024K, 1 young (1024K), 1 survivors (1024K)
 Metaspace       used 9190K, committed 9536K, reserved 1114112K
  class space    used 1000K, committed 1152K, reserved 1048576K
}
Event: 2387.901 GC heap before
{Heap before GC invocations=360 (full 0):
 garbage-first heap   total 133120K, used 85717K [0x0000000780000000, 0x0000000800000000)
  region size 1024K, 76 young (77824K), 1 survivors (1024K)
 Metaspace       used 9190K, committed 9536K, reserved 1114112K
  class space    used 1000K, committed 1152K, reserved 1048576K
}
Event: 2387.901 GC heap after
{Heap after GC invocations=361 (full 0):
 garbage-first heap   total 133120K, used 8922K [0x0000000780000000, 0x0000000800000000)
  region size 1024K, 1 young (1024K), 1 survivors (1024K)
 Metaspace       used 9190K, committed 9536K, reserved 1114112K
  class space    used 1000K, committed 1152K, reserved 1048576K
}
Event: 2395.055 GC heap before
{Heap before GC invocations=361 (full 0):
 garbage-first heap   total 133120K, used 85722K [0x0000000780000000, 0x0000000800000000)
  region size 1024K, 76 young (77824K), 1 survivors (1024K)
 Metaspace       used 9190K, committed 9536K, reserved 1114112K
  class space    used 1000K, committed 1152K, reserved 1048576K
}
Event: 2395.057 GC heap after
{Heap after GC invocations=362 (full 0):
 garbage-first heap   total 133120K, used 8922K [0x0000000780000000, 0x0000000800000000)
  region size 1024K, 1 young (1024K), 1 survivors (1024K)
 Metaspace       used 9190K, committed 9536K, reserved 1114112K
  class space    used 1000K, committed 1152K, reserved 1048576K
}

