<?xml version="1.0" encoding="UTF-8"?>
<testsuite xmlns:xsi="http://www.w3.org/2001/XMLSchema-instance" xsi:noNamespaceSchemaLocation="https://maven.apache.org/surefire/maven-surefire-plugin/xsd/surefire-test-report-3.0.xsd" version="3.0" name="Gameboard.BoardSquareTest" time="0.205" tests="6" errors="0" skipped="0" failures="0">
  <properties>
[...]
</properties>
  <testcase name="testGetColor" classname="Gameboard.BoardSquareTest" time="0.065">
    <system-out><![CDATA[getColor
]]></system-out>
  </testcase>
  <testcase name="testGetCurrentPiece" classname="Gameboard.BoardSquareTest" time="0.017">
    <system-out><![CDATA[getCurrentPiece
]]></system-out>
  </testcase>
  <testcase name="testIsHasPiece" classname="Gameboard.BoardSquareTest" time="0.007">
    <system-out><![CDATA[isHasPiece
]]></system-out>
  </testcase>
  <testcase name="testSetCurrentPiece" classname="Gameboard.BoardSquareTest" time="0.002">
    <system-out><![CDATA[setCurrentPiece
]]></system-out>
  </testcase>
  <testcase name="testSetHasPiece" classname="Gameboard.BoardSquareTest" time="0.003">
    <system-out><![CDATA[setHasPiece
]]></system-out>
  </testcase>
  <testcase name="testSetColor" classname="Gameboard.BoardSquareTest" time="0.003">
    <system-out><![CDATA[setColor
]]></system-out>
  </testcase>
</testsuite>